[23-Oct-15][1:03:41 AM][Application started][][Done]
[23-Oct-15][1:03:41 AM][Loaded X][(1,3,2)][Done]
[23-Oct-15][1:03:41 AM][Loaded Y][(2,4,1)][Done]
[23-Oct-15][1:03:41 AM][Loaded A][
(2 1 2)
(3 1 4)
(5 0 1)
][Done]
[23-Oct-15][1:03:41 AM][Loaded B][
(4 1 0)
(6 2 5)
(8 0 2)
][Done]
[23-Oct-15][1:03:41 AM][Loaded C][
(0 1 5)
(7 3 4)
(2 0 1)
][Done]
[23-Oct-15][1:03:41 AM][Loaded D][
(4 0 7)
(1 2 4)
(0 3 1)
][Done]
[23-Oct-15][1:03:41 AM][Addition of A and C][
(2 1 2)
(3 1 4)
(5 0 1)
   + 
(0 1 5)
(7 3 4)
(2 0 1)
   = 
(2 2 7)
(10 4 8)
(7 0 2)
][Done]
[23-Oct-15][1:03:41 AM][Addition of total and 2D][
(2 2 7)
(10 4 8)
(7 0 2)
   + 
(2 * 
(4 0 7)
(1 2 4)
(0 3 1)
)   = 
(10 2 21)
(12 8 16)
(7 6 4)
][Done]
[23-Oct-15][1:03:41 AM][Transposing of total][
(10 2 21)
(12 8 16)
(7 6 4)
   = 
(10 12 7)
(2 8 6)
(21 16 4)
][Done]
[23-Oct-15][1:03:41 AM][Multiplication of total and X][
(10 12 7)
(2 8 6)
(21 16 4)
   * 
(1,3,2) = (60,38,77)][Done]
[23-Oct-15][1:03:41 AM][Addition of result and BY][
(60,38,77)
   + 
(
(4 1 0)
(6 2 5)
(8 0 2)
   * 
(2,4,1)) = (72,63,95)][Done]
[23-Oct-15][1:03:41 AM][Euclid norm of result][||(72,63,95)|| = 134.8258][Done]
[23-Oct-15][1:03:41 AM][Manhattan norm of result][||(72,63,95)|| = 230][Done]
[23-Oct-15][1:03:41 AM][Maximum norm of result][||(72,63,95)|| = 95][Done]
[23-Oct-15][1:03:41 AM][Loaded E][
(5 1)
(8 2)
][Done]
[23-Oct-15][1:03:41 AM][Loaded F][
(5 2 7)
(3 0 5)
(1 4 2)
][Done]
[23-Oct-15][1:03:41 AM][Fail to make an action][Different dimensions of matrix.][FAIL]
[23-Oct-15][1:03:41 AM][Loaded W][(4,1)][Done]
[23-Oct-15][1:03:41 AM][Loaded Z][(5,3,7)][Done]
[23-Oct-15][1:03:41 AM][Fail to make an action][Different length of vectors.][FAIL]
